
Showing logs for build [32mcb-kubecd-environment-pr-502-11-2gw2j-1[0m stage [32mfrom-build-pack[0m and container [32mstep-credential-initializer-fmgvm[0m
{"level":"info","ts":1587644704.4968333,"logger":"fallback-logger","caller":"logging/config.go:69","msg":"Fetch GitHub commit ID from kodata failed: open /var/run/ko/refs/heads/0.8.0-ns-support: no such file or directory"}
{"level":"info","ts":1587644704.4974213,"logger":"fallback-logger","caller":"creds-init/main.go:40","msg":"Credentials initialized."}

Showing logs for build [32mcb-kubecd-environment-pr-502-11-2gw2j-1[0m stage [32mfrom-build-pack[0m and container [32mstep-working-dir-initializer-ghv7c[0m
{"level":"info","ts":1587644705.2398224,"logger":"fallback-logger","caller":"logging/config.go:69","msg":"Fetch GitHub commit ID from kodata failed: open /var/run/ko/HEAD: no such file or directory"}
{"level":"info","ts":1587644705.2438638,"logger":"fallback-logger","caller":"bash/main.go:64","msg":"Successfully executed command \"sh -c mkdir -p /workspace/source\"; output "}

Showing logs for build [32mcb-kubecd-environment-pr-502-11-2gw2j-1[0m stage [32mfrom-build-pack[0m and container [32mstep-place-tools[0m

Showing logs for build [32mcb-kubecd-environment-pr-502-11-2gw2j-1[0m stage [32mfrom-build-pack[0m and container [32mstep-git-source-cb-kubecd-environment-pr-502-11-2gw2j-82kx6[0m
{"level":"info","ts":1587644733.4646509,"logger":"fallback-logger","caller":"logging/config.go:69","msg":"Fetch GitHub commit ID from kodata failed: open /var/run/ko/refs/heads/0.8.0-ns-support: no such file or directory"}
{"level":"info","ts":1587644734.5515523,"logger":"fallback-logger","caller":"git/git.go:103","msg":"Successfully cloned https://github.com/cb-kubecd/environment-pr-502-11-bdd-frontend-staging.git @ master in path /workspace/source"}

Showing logs for build [32mcb-kubecd-environment-pr-502-11-2gw2j-1[0m stage [32mfrom-build-pack[0m and container [32mstep-git-merge[0m
Using SHAs from PULL_REFS=master:5b1814f18c90eb42360c815a2c80c75e2c542a8d,1:a233db149e0eae464c2c4fe744e417136221aad0
DEBUG: LC_ALL=C JX_LOG_LEVEL=error git fetch origin --unshallow a233db149e0eae464c2c4fe744e417136221aad0: 5b1814f18c90eb42360c815a2c80c75e2c542a8d:
DEBUG: ran git fetch --unshallow origin a233db149e0eae464c2c4fe744e417136221aad0: 5b1814f18c90eb42360c815a2c80c75e2c542a8d: in 
DEBUG: LC_ALL=C JX_LOG_LEVEL=error git branch
DEBUG: LC_ALL=C JX_LOG_LEVEL=error git checkout master
DEBUG: ran git checkout master in 
DEBUG: JX_LOG_LEVEL=error LC_ALL=C git reset --hard 5b1814f18c90eb42360c815a2c80c75e2c542a8d
DEBUG: ran git reset --hard 5b1814f18c90eb42360c815a2c80c75e2c542a8d in 
DEBUG: LC_ALL=C JX_LOG_LEVEL=error git clean -fd .
DEBUG: ran clean --force -d . in 
DEBUG: LC_ALL=C JX_LOG_LEVEL=error git merge a233db149e0eae464c2c4fe744e417136221aad0
DEBUG: ran git merge a233db149e0eae464c2c4fe744e417136221aad0 in 
DEBUG: JX_LOG_LEVEL=error LC_ALL=C git log --format=%H%x1f%an%x1f%ae%x1f%cn%x1f%ce%x1f%s%n%b%x1e 5b1814f18c90eb42360c815a2c80c75e2c542a8d..HEAD
Merged SHA a233db149e0eae464c2c4fe744e417136221aad0 with commit message 'chore: Promote bdd-nh-1587643621 to version 0.0.1' into base branch master

Showing logs for build [32mcb-kubecd-environment-pr-502-11-2gw2j-1[0m stage [32mfrom-build-pack[0m and container [32mstep-build-helm-build[0m
WARNING: No $CHART_REPOSITORY defined so using the default value of: http://jenkins-x-chartmuseum:8080
Adding missing Helm repo: storage.googleapis.com https://storage.googleapis.com/chartmuseum.jenkins-x.io
WARNING: No secrets found on "helm/repos" due: reading the secret "helm/repos" from vault: no secret "helm/repos" not found in vault
Read credentials for https://storage.googleapis.com/chartmuseum.jenkins-x.io from vault helm/repos
Successfully added Helm repository storage.googleapis.com.
Adding missing Helm repo: jenkins-x-chartmuseum http://jenkins-x-chartmuseum:8080
WARNING: No secrets found on "helm/repos" due: reading the secret "helm/repos" from vault: no secret "helm/repos" not found in vault
Read credentials for http://jenkins-x-chartmuseum:8080 from vault helm/repos
Successfully added Helm repository jenkins-x-chartmuseum.
WARNING: No $CHART_REPOSITORY defined so using the default value of: http://jenkins-x-chartmuseum:8080
Adding missing Helm repo: chartmuseum.jenkins-x.io http://chartmuseum.jenkins-x.io
WARNING: No secrets found on "helm/repos" due: reading the secret "helm/repos" from vault: no secret "helm/repos" not found in vault
Read credentials for http://chartmuseum.jenkins-x.io from vault helm/repos
Successfully added Helm repository chartmuseum.jenkins-x.io.
